TN:
SF:src/App.tsx
FN:25,App
FNF:1
FNH:1
FNDA:3,App
DA:16,1
DA:26,3
LF:2
LH:2
BRF:0
BRH:0
end_of_record
TN:
SF:src/components/layout/AppShell.tsx
FN:30,AppShell
FN:33,(anonymous_1)
FN:58,(anonymous_2)
FN:59,(anonymous_3)
FN:64,(anonymous_4)
FNF:5
FNH:4
FNDA:4,AppShell
FNDA:0,(anonymous_1)
FNDA:24,(anonymous_2)
FNDA:24,(anonymous_3)
FNDA:24,(anonymous_4)
DA:19,1
DA:31,4
DA:33,4
DA:34,0
DA:35,0
DA:38,4
DA:39,1
DA:46,3
DA:58,24
DA:60,24
DA:65,24
LF:11
LH:9
BRDA:38,0,0,1
BRDA:38,0,1,3
BRDA:58,1,0,24
BRDA:58,1,1,12
BRDA:66,2,0,3
BRDA:66,2,1,21
BRDA:82,3,0,3
BRDA:82,3,1,0
BRDA:84,4,0,4
BRDA:84,4,1,3
BRF:10
BRH:9
end_of_record
TN:
SF:src/components/layout/ThemeProvider.tsx
FN:3,ThemeProvider
FN:4,(anonymous_1)
FN:6,(anonymous_2)
FN:11,(anonymous_3)
FNF:4
FNH:4
FNDA:7,ThemeProvider
FNDA:7,(anonymous_1)
FNDA:7,(anonymous_2)
FNDA:7,(anonymous_3)
DA:4,7
DA:5,7
DA:6,7
DA:7,7
DA:9,7
DA:10,7
DA:11,7
DA:14,7
LF:8
LH:8
BRF:0
BRH:0
end_of_record
TN:
SF:src/hooks/useAuth.ts
FN:5,useAuth
FN:8,(anonymous_1)
FNF:2
FNH:2
FNDA:8,useAuth
FNDA:3,(anonymous_1)
DA:6,8
DA:8,3
LF:2
LH:2
BRF:0
BRH:0
end_of_record
TN:
SF:src/hooks/useClients.ts
FN:5,useClients
FN:8,(anonymous_1)
FN:12,useClient
FN:15,(anonymous_3)
FN:20,useCreateClient
FN:23,(anonymous_5)
FN:25,(anonymous_6)
FN:29,useUpdateClient
FN:32,(anonymous_8)
FN:34,(anonymous_9)
FN:38,useSetClientStatus
FN:41,(anonymous_11)
FN:43,(anonymous_12)
FN:47,useDeleteClient
FN:50,(anonymous_14)
FN:51,(anonymous_15)
FN:55,useSuggestClientIPs
FN:58,(anonymous_17)
FNF:18
FNH:11
FNDA:29,useClients
FNDA:14,(anonymous_1)
FNDA:0,useClient
FNDA:0,(anonymous_3)
FNDA:2,useCreateClient
FNDA:1,(anonymous_5)
FNDA:1,(anonymous_6)
FNDA:0,useUpdateClient
FNDA:0,(anonymous_8)
FNDA:0,(anonymous_9)
FNDA:29,useSetClientStatus
FNDA:2,(anonymous_11)
FNDA:2,(anonymous_12)
FNDA:29,useDeleteClient
FNDA:1,(anonymous_14)
FNDA:1,(anonymous_15)
FNDA:0,useSuggestClientIPs
FNDA:0,(anonymous_17)
DA:6,29
DA:8,14
DA:13,0
DA:15,0
DA:21,2
DA:22,2
DA:23,1
DA:25,1
DA:30,0
DA:31,0
DA:32,0
DA:34,0
DA:39,29
DA:40,29
DA:41,2
DA:43,2
DA:48,29
DA:49,29
DA:50,1
DA:51,1
DA:56,0
DA:58,0
LF:22
LH:14
BRDA:59,0,0,0
BRDA:59,0,1,0
BRF:2
BRH:0
end_of_record
TN:
SF:src/lib/api-client.ts
FN:7,(anonymous_0)
FN:14,apiFetch
FN:55,apiGet
FN:59,apiPost
FN:66,apiPut
FN:73,apiPatch
FN:80,apiDelete
FNF:7
FNH:7
FNDA:5,(anonymous_0)
FNDA:60,apiFetch
FNDA:47,apiGet
FNDA:6,apiPost
FNDA:1,apiPut
FNDA:3,apiPatch
FNDA:3,apiDelete
DA:1,14
DA:8,5
DA:9,5
DA:10,5
DA:18,60
DA:27,60
DA:29,2
DA:30,2
DA:33,58
DA:34,3
DA:35,3
DA:36,3
DA:37,3
DA:38,2
DA:39,2
DA:40,2
DA:45,3
DA:48,55
DA:49,2
DA:52,53
DA:56,47
DA:60,6
DA:67,1
DA:74,3
DA:81,3
LF:25
LH:25
BRDA:27,0,0,2
BRDA:27,0,1,58
BRDA:33,1,0,3
BRDA:33,1,1,55
BRDA:38,2,0,2
BRDA:38,2,1,0
BRDA:39,3,0,2
BRDA:39,3,1,0
BRDA:40,4,0,2
BRDA:40,4,1,0
BRDA:48,5,0,2
BRDA:48,5,1,53
BRDA:62,6,0,2
BRDA:62,6,1,4
BRF:14
BRH:11
end_of_record
TN:
SF:src/lib/types.ts
FNF:0
FNH:0
LF:0
LH:0
BRF:0
BRH:0
end_of_record
TN:
SF:src/lib/utils.ts
FN:4,cn
FNF:1
FNH:1
FNDA:665,cn
DA:5,665
LF:1
LH:1
BRF:0
BRH:0
end_of_record
TN:
SF:src/pages/AboutPage.tsx
FN:3,AboutPage
FNF:1
FNH:1
FNDA:2,AboutPage
DA:4,2
LF:1
LH:1
BRF:0
BRH:0
end_of_record
TN:
SF:src/pages/AuditPage.tsx
FN:3,AuditPage
FNF:1
FNH:1
FNDA:2,AuditPage
DA:4,2
LF:1
LH:1
BRF:0
BRH:0
end_of_record
TN:
SF:src/pages/ClientsPage.tsx
FN:18,ClientsPage
FN:28,(anonymous_1)
FN:35,(anonymous_2)
FN:39,(anonymous_3)
FN:40,(anonymous_4)
FN:45,(anonymous_5)
FN:48,(anonymous_6)
FN:49,(anonymous_7)
FN:53,(anonymous_8)
FN:65,(anonymous_9)
FN:83,(anonymous_10)
FN:105,(anonymous_11)
FN:114,(anonymous_12)
FN:122,(anonymous_13)
FN:143,(anonymous_14)
FNF:15
FNH:9
FNDA:27,ClientsPage
FNDA:36,(anonymous_1)
FNDA:1,(anonymous_2)
FNDA:1,(anonymous_3)
FNDA:0,(anonymous_4)
FNDA:1,(anonymous_5)
FNDA:0,(anonymous_6)
FNDA:0,(anonymous_7)
FNDA:0,(anonymous_8)
FNDA:11,(anonymous_9)
FNDA:1,(anonymous_10)
FNDA:1,(anonymous_11)
FNDA:0,(anonymous_12)
FNDA:1,(anonymous_13)
FNDA:0,(anonymous_14)
DA:19,27
DA:20,27
DA:21,27
DA:22,27
DA:24,27
DA:25,12
DA:29,36
DA:35,15
DA:36,1
DA:39,1
DA:40,0
DA:45,15
DA:46,1
DA:47,0
DA:48,0
DA:49,0
DA:53,15
DA:54,0
DA:57,15
DA:66,11
DA:67,11
DA:83,1
DA:105,1
DA:114,0
DA:122,1
DA:143,0
LF:26
LH:19
BRDA:24,0,0,12
BRDA:24,0,1,15
BRDA:39,1,0,0
BRDA:39,1,1,1
BRDA:46,2,0,1
BRDA:46,2,1,0
BRDA:61,3,0,15
BRDA:61,3,1,0
BRDA:72,4,0,11
BRDA:72,4,1,10
BRDA:84,5,0,10
BRDA:84,5,1,1
BRDA:86,6,0,10
BRDA:86,6,1,1
BRDA:87,7,0,10
BRDA:87,7,1,1
BRDA:95,8,0,11
BRDA:95,8,1,1
BRDA:96,9,0,11
BRDA:96,9,1,9
BRDA:101,10,0,11
BRDA:101,10,1,9
BRDA:132,11,0,27
BRDA:132,11,1,15
BRDA:132,11,2,4
BRDA:148,12,0,27
BRDA:148,12,1,1
BRF:27
BRH:24
end_of_record
TN:
SF:src/pages/ServerPage.tsx
FN:11,ServerPage
FN:15,(anonymous_1)
FN:19,(anonymous_2)
FN:20,(anonymous_3)
FN:24,(anonymous_4)
FN:28,(anonymous_5)
FN:29,(anonymous_6)
FN:30,(anonymous_7)
FN:39,(anonymous_8)
FN:75,(anonymous_9)
FNF:10
FNH:8
FNDA:12,ServerPage
FNDA:6,(anonymous_1)
FNDA:1,(anonymous_2)
FNDA:1,(anonymous_3)
FNDA:0,(anonymous_4)
FNDA:1,(anonymous_5)
FNDA:1,(anonymous_6)
FNDA:0,(anonymous_7)
FNDA:1,(anonymous_8)
FNDA:1,(anonymous_9)
DA:12,12
DA:13,12
DA:15,6
DA:18,12
DA:19,1
DA:21,1
DA:22,1
DA:24,0
DA:27,12
DA:28,1
DA:29,1
DA:30,0
DA:33,12
DA:35,7
DA:39,1
DA:76,1
DA:77,1
LF:17
LH:15
BRDA:33,0,0,5
BRDA:33,0,1,7
BRDA:40,1,0,0
BRDA:40,1,1,7
BRDA:76,2,0,1
BRDA:76,2,1,0
BRDA:89,3,0,12
BRDA:89,3,1,0
BRF:8
BRH:5
end_of_record
TN:
SF:src/pages/SettingsPage.tsx
FN:9,SettingsPage
FN:12,(anonymous_1)
FNF:2
FNH:2
FNDA:4,SettingsPage
FNDA:2,(anonymous_1)
DA:10,4
DA:12,2
DA:15,4
DA:17,2
LF:4
LH:4
BRDA:15,0,0,2
BRDA:15,0,1,2
BRF:2
BRH:2
end_of_record
TN:
SF:src/pages/StatusPage.tsx
FN:9,formatBytes
FN:17,StatusPage
FN:20,(anonymous_2)
FN:31,(anonymous_3)
FN:49,(anonymous_4)
FNF:5
FNH:5
FNDA:2,formatBytes
FNDA:6,StatusPage
FNDA:3,(anonymous_2)
FNDA:1,(anonymous_3)
FNDA:1,(anonymous_4)
DA:10,2
DA:11,2
DA:12,2
DA:13,2
DA:14,2
DA:18,6
DA:20,3
DA:24,6
DA:25,3
DA:28,3
DA:32,1
DA:50,1
LF:12
LH:12
BRDA:10,0,0,0
BRDA:10,0,1,2
BRDA:24,1,0,3
BRDA:24,1,1,3
BRDA:51,2,0,1
BRDA:51,2,1,0
BRDA:53,3,0,1
BRDA:53,3,1,0
BRDA:54,4,0,1
BRDA:54,4,1,0
BRDA:60,5,0,1
BRDA:60,5,1,0
BRDA:62,6,0,1
BRDA:62,6,1,1
BRDA:62,6,2,0
BRDA:75,7,0,6
BRDA:75,7,1,3
BRDA:75,7,2,2
BRF:18
BRH:12
end_of_record
TN:
SF:src/pages/UsersPage.tsx
FN:12,UsersPage
FN:16,(anonymous_1)
FN:20,(anonymous_2)
FN:21,(anonymous_3)
FN:25,(anonymous_4)
FN:46,(anonymous_5)
FN:59,(anonymous_6)
FNF:7
FNH:4
FNDA:12,UsersPage
FNDA:6,(anonymous_1)
FNDA:0,(anonymous_2)
FNDA:0,(anonymous_3)
FNDA:0,(anonymous_4)
FNDA:6,(anonymous_5)
FNDA:1,(anonymous_6)
DA:13,12
DA:14,12
DA:16,6
DA:19,12
DA:20,0
DA:22,0
DA:23,0
DA:25,0
DA:28,12
DA:30,6
DA:47,6
DA:60,1
DA:61,0
LF:13
LH:8
BRDA:28,0,0,6
BRDA:28,0,1,6
BRDA:49,1,0,6
BRDA:49,1,1,1
BRDA:51,2,0,2
BRDA:51,2,1,4
BRDA:52,3,0,2
BRDA:52,3,1,4
BRDA:60,4,0,0
BRDA:60,4,1,1
BRF:10
BRH:9
end_of_record
TN:
SF:src/pages/WolPage.tsx
FN:11,WolPage
FN:15,(anonymous_1)
FN:19,(anonymous_2)
FN:20,(anonymous_3)
FN:24,(anonymous_4)
FN:28,(anonymous_5)
FN:29,(anonymous_6)
FN:33,(anonymous_7)
FN:54,(anonymous_8)
FN:66,(anonymous_9)
FN:74,(anonymous_10)
FNF:11
FNH:9
FNDA:14,WolPage
FNDA:8,(anonymous_1)
FNDA:1,(anonymous_2)
FNDA:1,(anonymous_3)
FNDA:0,(anonymous_4)
FNDA:1,(anonymous_5)
FNDA:1,(anonymous_6)
FNDA:0,(anonymous_7)
FNDA:6,(anonymous_8)
FNDA:1,(anonymous_9)
FNDA:1,(anonymous_10)
DA:12,14
DA:13,14
DA:15,8
DA:18,14
DA:19,1
DA:21,1
DA:22,1
DA:24,0
DA:27,14
DA:28,1
DA:30,1
DA:31,1
DA:33,0
DA:36,14
DA:38,8
DA:55,6
DA:66,1
DA:75,1
DA:76,1
LF:19
LH:17
BRDA:36,0,0,6
BRDA:36,0,1,8
BRDA:59,1,0,0
BRDA:59,1,1,6
BRDA:75,2,0,1
BRDA:75,2,1,0
BRDA:86,3,0,14
BRDA:86,3,1,8
BRDA:86,3,2,2
BRF:9
BRH:7
end_of_record
